<?xml version="1.0" encoding="UTF-8"?>
<!-- Generated by org.testng.reporters.JUnitReportReporter -->
<testsuite hostname="MD-5Q4C9F2" failures="0" tests="6" name="Package_Automation.Testcase2" time="14.706" errors="0" timestamp="2020-06-25T19:48:01 IST" skipped="0">
  <testcase classname="Package_Automation.Testcase2" name="Login" time="9.986"/>
  <system-out/>
  <testcase classname="Package_Automation.Testcase2" name="Today_deal" time="1.818"/>
  <system-out/>
  <testcase classname="Package_Automation.Testcase2" name="Filter" time="0.845"/>
  <system-out/>
  <testcase classname="Package_Automation.Testcase2" name="sort_option" time="0.473"/>
  <system-out/>
  <testcase classname="Package_Automation.Testcase2" name="verify_sort" time="0.085"/>
  <system-out/>
  <testcase classname="Package_Automation.Testcase2" name="tear_down" time="1.499"/>
  <system-out/>
</testsuite> <!-- Package_Automation.Testcase2 -->
