<?xml version="1.0" encoding="UTF-8"?>
<!-- Generated by org.testng.reporters.JUnitReportReporter -->
<testsuite hostname="MD-5Q4C9F2" failures="0" tests="7" name="Package_Automation.Ease_trip" time="35.169" errors="0" timestamp="2020-07-01T12:18:23 IST" skipped="0">
  <testcase classname="Package_Automation.Ease_trip" name="setup" time="12.904"/>
  <system-out/>
  <testcase classname="Package_Automation.Ease_trip" name="verify_homepage" time="0.060"/>
  <system-out/>
  <testcase classname="Package_Automation.Ease_trip" name="Flights" time="3.837"/>
  <system-out/>
  <testcase classname="Package_Automation.Ease_trip" name="details" time="15.120"/>
  <system-out/>
  <testcase classname="Package_Automation.Ease_trip" name="filters" time="1.587"/>
  <system-out/>
  <testcase classname="Package_Automation.Ease_trip" name="get_list" time="0.359"/>
  <system-out/>
  <testcase classname="Package_Automation.Ease_trip" name="tear_down" time="1.302"/>
  <system-out/>
</testsuite> <!-- Package_Automation.Ease_trip -->
