<?xml version="1.0" encoding="UTF-8"?>
<!-- Generated by org.testng.reporters.JUnitReportReporter -->
<testsuite hostname="MD-5Q4C9F2" failures="0" tests="5" name="Package_Automation.Formsite_csv" time="34.228" errors="0" timestamp="2020-07-01T12:18:23 IST" skipped="0">
  <testcase classname="Package_Automation.Formsite_csv" name="setup" time="9.816"/>
  <system-out/>
  <testcase classname="Package_Automation.Formsite_csv" name="signup" time="9.738"/>
  <system-out/>
  <testcase classname="Package_Automation.Formsite_csv" name="Title_verify" time="1.177"/>
  <system-out/>
  <testcase classname="Package_Automation.Formsite_csv" name="Billing_selection" time="2.815"/>
  <system-out/>
  <testcase classname="Package_Automation.Formsite_csv" name="Get_list" time="10.682"/>
  <system-out/>
</testsuite> <!-- Package_Automation.Formsite_csv -->
