<?xml version="1.0" encoding="UTF-8"?>
<!-- Generated by org.testng.reporters.JUnitReportReporter -->
<testsuite hostname="MD-5Q4C9F2" failures="0" tests="6" name="Package_Automation.Amazon_sort" time="16.536" errors="0" timestamp="2020-07-01T12:18:23 IST" skipped="0">
  <testcase classname="Package_Automation.Amazon_sort" name="Login" time="10.323"/>
  <system-out/>
  <testcase classname="Package_Automation.Amazon_sort" name="Today_deal" time="3.948"/>
  <system-out/>
  <testcase classname="Package_Automation.Amazon_sort" name="Filter" time="0.980"/>
  <system-out/>
  <testcase classname="Package_Automation.Amazon_sort" name="sort_option" time="0.529"/>
  <system-out/>
  <testcase classname="Package_Automation.Amazon_sort" name="verify_sort" time="0.069"/>
  <system-out/>
  <testcase classname="Package_Automation.Amazon_sort" name="tear_down" time="0.687"/>
  <system-out/>
</testsuite> <!-- Package_Automation.Amazon_sort -->
