<?xml version="1.0" encoding="UTF-8"?>
<!-- Generated by org.testng.reporters.JUnitReportReporter -->
<testsuite hostname="MD-5Q4C9F2" failures="0" tests="7" name="Package_Automation.Testcase4" time="32.599" errors="0" timestamp="2020-06-25T11:39:34 IST" skipped="0">
  <testcase classname="Package_Automation.Testcase4" name="setup" time="13.116"/>
  <system-out/>
  <testcase classname="Package_Automation.Testcase4" name="verify_homepage" time="0.072"/>
  <system-out/>
  <testcase classname="Package_Automation.Testcase4" name="Flights" time="2.016"/>
  <system-out/>
  <testcase classname="Package_Automation.Testcase4" name="details" time="9.967"/>
  <system-out/>
  <testcase classname="Package_Automation.Testcase4" name="filters" time="1.670"/>
  <system-out/>
  <testcase classname="Package_Automation.Testcase4" name="get_list" time="5.034"/>
  <system-out/>
  <testcase classname="Package_Automation.Testcase4" name="tear_down" time="0.724"/>
  <system-out/>
</testsuite> <!-- Package_Automation.Testcase4 -->
