<?xml version="1.0" encoding="UTF-8"?>
<!-- Generated by org.testng.reporters.JUnitReportReporter -->
<testsuite hostname="MD-5Q4C9F2" failures="0" tests="1" name="Package_Automation.Testcase5" time="179.920" errors="0" timestamp="2020-06-25T13:14:50 IST" skipped="0">
  <testcase classname="Package_Automation.Testcase5" name="setup" time="179.920"/>
  <system-out/>
</testsuite> <!-- Package_Automation.Testcase5 -->
