<?xml version="1.0" encoding="UTF-8"?>
<!-- Generated by org.testng.reporters.JUnitReportReporter -->
<testsuite hostname="MD-5Q4C9F2" failures="0" tests="6" name="Package_Automation.Amazon_mail" time="40.686" errors="0" timestamp="2020-07-01T12:18:23 IST" skipped="0">
  <testcase classname="Package_Automation.Amazon_mail" name="Login1" time="20.584"/>
  <system-out/>
  <testcase classname="Package_Automation.Amazon_mail" name="Your_listicon" time="3.586"/>
  <system-out/>
  <testcase classname="Package_Automation.Amazon_mail" name="create_listbutton" time="0.368"/>
  <system-out/>
  <testcase classname="Package_Automation.Amazon_mail" name="send_list" time="1.321"/>
  <system-out/>
  <testcase classname="Package_Automation.Amazon_mail" name="gmail" time="3.117"/>
  <system-out/>
  <testcase classname="Package_Automation.Amazon_mail" name="send" time="11.710"/>
  <system-out/>
</testsuite> <!-- Package_Automation.Amazon_mail -->
